mode: set
github.com/panda-foundation/go-compiler/scanner/scanner.go:50.64,55.29 3 1
github.com/panda-foundation/go-compiler/scanner/scanner.go:58.2,58.10 1 1
github.com/panda-foundation/go-compiler/scanner/scanner.go:55.29,57.3 1 1
github.com/panda-foundation/go-compiler/scanner/scanner.go:62.60,73.19 9 1
github.com/panda-foundation/go-compiler/scanner/scanner.go:73.19,75.3 1 1
github.com/panda-foundation/go-compiler/scanner/scanner.go:79.40,81.2 1 1
github.com/panda-foundation/go-compiler/scanner/scanner.go:83.26,84.34 1 1
github.com/panda-foundation/go-compiler/scanner/scanner.go:84.34,86.21 2 1
github.com/panda-foundation/go-compiler/scanner/scanner.go:89.3,90.10 2 1
github.com/panda-foundation/go-compiler/scanner/scanner.go:102.3,103.13 2 1
github.com/panda-foundation/go-compiler/scanner/scanner.go:86.21,88.4 1 1
github.com/panda-foundation/go-compiler/scanner/scanner.go:91.15,92.46 1 1
github.com/panda-foundation/go-compiler/scanner/scanner.go:93.27,96.37 2 1
github.com/panda-foundation/go-compiler/scanner/scanner.go:96.37,98.5 1 1
github.com/panda-foundation/go-compiler/scanner/scanner.go:98.10,98.39 1 1
github.com/panda-foundation/go-compiler/scanner/scanner.go:98.39,100.5 1 1
github.com/panda-foundation/go-compiler/scanner/scanner.go:104.8,106.21 2 1
github.com/panda-foundation/go-compiler/scanner/scanner.go:109.3,109.15 1 1
github.com/panda-foundation/go-compiler/scanner/scanner.go:106.21,108.4 1 1
github.com/panda-foundation/go-compiler/scanner/scanner.go:113.31,114.34 1 1
github.com/panda-foundation/go-compiler/scanner/scanner.go:117.2,117.10 1 1
github.com/panda-foundation/go-compiler/scanner/scanner.go:114.34,116.3 1 1
github.com/panda-foundation/go-compiler/scanner/scanner.go:120.53,121.27 1 1
github.com/panda-foundation/go-compiler/scanner/scanner.go:121.27,123.3 1 1
github.com/panda-foundation/go-compiler/scanner/scanner.go:126.40,128.19 2 1
github.com/panda-foundation/go-compiler/scanner/scanner.go:151.2,151.42 1 1
github.com/panda-foundation/go-compiler/scanner/scanner.go:128.19,131.37 2 1
github.com/panda-foundation/go-compiler/scanner/scanner.go:131.37,133.4 1 1
github.com/panda-foundation/go-compiler/scanner/scanner.go:134.8,138.19 3 1
github.com/panda-foundation/go-compiler/scanner/scanner.go:147.3,147.18 1 1
github.com/panda-foundation/go-compiler/scanner/scanner.go:138.19,141.36 3 1
github.com/panda-foundation/go-compiler/scanner/scanner.go:141.36,144.10 3 1
github.com/panda-foundation/go-compiler/scanner/scanner.go:147.18,149.4 1 1
github.com/panda-foundation/go-compiler/scanner/scanner.go:154.43,156.48 2 1
github.com/panda-foundation/go-compiler/scanner/scanner.go:159.2,159.42 1 1
github.com/panda-foundation/go-compiler/scanner/scanner.go:156.48,158.3 1 1
github.com/panda-foundation/go-compiler/scanner/scanner.go:162.40,163.32 1 1
github.com/panda-foundation/go-compiler/scanner/scanner.go:163.32,165.3 1 1
github.com/panda-foundation/go-compiler/scanner/scanner.go:168.54,172.19 3 1
github.com/panda-foundation/go-compiler/scanner/scanner.go:210.2,210.19 1 1
github.com/panda-foundation/go-compiler/scanner/scanner.go:221.2,221.45 1 1
github.com/panda-foundation/go-compiler/scanner/scanner.go:172.19,173.20 1 1
github.com/panda-foundation/go-compiler/scanner/scanner.go:173.20,175.21 2 1
github.com/panda-foundation/go-compiler/scanner/scanner.go:175.21,177.28 2 1
github.com/panda-foundation/go-compiler/scanner/scanner.go:192.5,192.27 1 1
github.com/panda-foundation/go-compiler/scanner/scanner.go:178.14,179.15 1 1
github.com/panda-foundation/go-compiler/scanner/scanner.go:180.14,181.14 1 1
github.com/panda-foundation/go-compiler/scanner/scanner.go:182.14,183.14 1 1
github.com/panda-foundation/go-compiler/scanner/scanner.go:184.13,185.29 1 1
github.com/panda-foundation/go-compiler/scanner/scanner.go:185.29,188.7 2 1
github.com/panda-foundation/go-compiler/scanner/scanner.go:188.12,190.7 1 1
github.com/panda-foundation/go-compiler/scanner/scanner.go:192.27,195.30 3 1
github.com/panda-foundation/go-compiler/scanner/scanner.go:199.6,199.23 1 1
github.com/panda-foundation/go-compiler/scanner/scanner.go:195.30,198.7 2 1
github.com/panda-foundation/go-compiler/scanner/scanner.go:199.23,202.7 2 1
github.com/panda-foundation/go-compiler/scanner/scanner.go:205.9,207.4 1 1
github.com/panda-foundation/go-compiler/scanner/scanner.go:210.19,215.35 5 1
github.com/panda-foundation/go-compiler/scanner/scanner.go:215.35,218.4 2 1
github.com/panda-foundation/go-compiler/scanner/scanner.go:224.42,229.16 4 1
github.com/panda-foundation/go-compiler/scanner/scanner.go:252.2,253.12 2 1
github.com/panda-foundation/go-compiler/scanner/scanner.go:264.2,264.42 1 1
github.com/panda-foundation/go-compiler/scanner/scanner.go:230.54,232.9 2 1
github.com/panda-foundation/go-compiler/scanner/scanner.go:233.46,234.27 1 1
github.com/panda-foundation/go-compiler/scanner/scanner.go:235.11,237.28 2 1
github.com/panda-foundation/go-compiler/scanner/scanner.go:238.11,240.40 2 1
github.com/panda-foundation/go-compiler/scanner/scanner.go:241.11,243.40 2 1
github.com/panda-foundation/go-compiler/scanner/scanner.go:244.10,246.17 2 1
github.com/panda-foundation/go-compiler/scanner/scanner.go:249.3,249.21 1 1
github.com/panda-foundation/go-compiler/scanner/scanner.go:246.17,248.4 1 1
github.com/panda-foundation/go-compiler/scanner/scanner.go:253.12,255.16 2 1
github.com/panda-foundation/go-compiler/scanner/scanner.go:259.3,261.6 3 1
github.com/panda-foundation/go-compiler/scanner/scanner.go:255.16,258.4 2 1
github.com/panda-foundation/go-compiler/scanner/scanner.go:264.42,266.3 1 1
github.com/panda-foundation/go-compiler/scanner/scanner.go:269.39,272.6 2 1
github.com/panda-foundation/go-compiler/scanner/scanner.go:286.2,286.42 1 1
github.com/panda-foundation/go-compiler/scanner/scanner.go:272.6,274.31 2 1
github.com/panda-foundation/go-compiler/scanner/scanner.go:277.3,278.18 2 1
github.com/panda-foundation/go-compiler/scanner/scanner.go:281.3,281.19 1 1
github.com/panda-foundation/go-compiler/scanner/scanner.go:274.31,276.4 1 1
github.com/panda-foundation/go-compiler/scanner/scanner.go:278.18,279.9 1 1
github.com/panda-foundation/go-compiler/scanner/scanner.go:281.19,283.4 1 1
github.com/panda-foundation/go-compiler/scanner/scanner.go:289.37,293.30 3 1
github.com/panda-foundation/go-compiler/scanner/scanner.go:296.2,297.18 2 1
github.com/panda-foundation/go-compiler/scanner/scanner.go:300.2,300.20 1 1
github.com/panda-foundation/go-compiler/scanner/scanner.go:303.2,304.42 2 1
github.com/panda-foundation/go-compiler/scanner/scanner.go:293.30,295.3 1 1
github.com/panda-foundation/go-compiler/scanner/scanner.go:297.18,299.3 1 1
github.com/panda-foundation/go-compiler/scanner/scanner.go:300.20,302.3 1 1
github.com/panda-foundation/go-compiler/scanner/scanner.go:307.42,310.6 2 1
github.com/panda-foundation/go-compiler/scanner/scanner.go:321.2,321.42 1 1
github.com/panda-foundation/go-compiler/scanner/scanner.go:310.6,312.15 2 1
github.com/panda-foundation/go-compiler/scanner/scanner.go:315.3,316.18 2 1
github.com/panda-foundation/go-compiler/scanner/scanner.go:312.15,314.4 1 1
github.com/panda-foundation/go-compiler/scanner/scanner.go:316.18,317.9 1 1
github.com/panda-foundation/go-compiler/scanner/scanner.go:324.67,327.16 3 1
github.com/panda-foundation/go-compiler/scanner/scanner.go:333.2,333.8 1 1
github.com/panda-foundation/go-compiler/scanner/scanner.go:327.16,328.31 1 1
github.com/panda-foundation/go-compiler/scanner/scanner.go:331.3,331.46 1 1
github.com/panda-foundation/go-compiler/scanner/scanner.go:328.31,330.4 1 1
github.com/panda-foundation/go-compiler/scanner/scanner.go:336.65,338.25 1 1
github.com/panda-foundation/go-compiler/scanner/scanner.go:341.2,342.31 2 1
github.com/panda-foundation/go-compiler/scanner/scanner.go:385.2,385.17 1 1
github.com/panda-foundation/go-compiler/scanner/scanner.go:338.25,340.3 1 1
github.com/panda-foundation/go-compiler/scanner/scanner.go:342.31,350.13 4 1
github.com/panda-foundation/go-compiler/scanner/scanner.go:350.13,352.4 1 1
github.com/panda-foundation/go-compiler/scanner/scanner.go:352.9,354.4 1 1
github.com/panda-foundation/go-compiler/scanner/scanner.go:355.8,355.42 1 1
github.com/panda-foundation/go-compiler/scanner/scanner.go:355.42,356.111 1 1
github.com/panda-foundation/go-compiler/scanner/scanner.go:367.3,367.80 1 1
github.com/panda-foundation/go-compiler/scanner/scanner.go:356.111,358.4 1 1
github.com/panda-foundation/go-compiler/scanner/scanner.go:358.9,358.67 1 1
github.com/panda-foundation/go-compiler/scanner/scanner.go:358.67,360.4 1 1
github.com/panda-foundation/go-compiler/scanner/scanner.go:360.9,361.38 1 1
github.com/panda-foundation/go-compiler/scanner/scanner.go:361.38,363.5 1 1
github.com/panda-foundation/go-compiler/scanner/scanner.go:363.10,365.5 1 1
github.com/panda-foundation/go-compiler/scanner/scanner.go:368.8,368.40 1 1
github.com/panda-foundation/go-compiler/scanner/scanner.go:368.40,369.111 1 1
github.com/panda-foundation/go-compiler/scanner/scanner.go:374.3,374.78 1 1
github.com/panda-foundation/go-compiler/scanner/scanner.go:369.111,371.4 1 1
github.com/panda-foundation/go-compiler/scanner/scanner.go:371.9,371.67 1 1
github.com/panda-foundation/go-compiler/scanner/scanner.go:371.67,373.4 1 1
github.com/panda-foundation/go-compiler/scanner/scanner.go:375.8,375.39 1 1
github.com/panda-foundation/go-compiler/scanner/scanner.go:375.39,376.31 1 1
github.com/panda-foundation/go-compiler/scanner/scanner.go:379.3,380.68 2 1
github.com/panda-foundation/go-compiler/scanner/scanner.go:376.31,378.4 1 1
github.com/panda-foundation/go-compiler/scanner/scanner.go:381.8,383.3 1 1
github.com/panda-foundation/go-compiler/scanner/scanner.go:388.53,389.38 1 1
github.com/panda-foundation/go-compiler/scanner/scanner.go:393.2,393.24 1 1
github.com/panda-foundation/go-compiler/scanner/scanner.go:410.2,411.14 2 1
github.com/panda-foundation/go-compiler/scanner/scanner.go:389.38,391.3 1 1
github.com/panda-foundation/go-compiler/scanner/scanner.go:393.24,396.57 2 1
github.com/panda-foundation/go-compiler/scanner/scanner.go:399.3,399.21 1 1
github.com/panda-foundation/go-compiler/scanner/scanner.go:403.3,404.33 2 1
github.com/panda-foundation/go-compiler/scanner/scanner.go:407.3,407.16 1 1
github.com/panda-foundation/go-compiler/scanner/scanner.go:396.57,398.4 1 1
github.com/panda-foundation/go-compiler/scanner/scanner.go:399.21,401.4 1 1
github.com/panda-foundation/go-compiler/scanner/scanner.go:404.33,406.4 1 1
github.com/panda-foundation/go-compiler/scanner/scanner.go:414.38,416.6 2 1
github.com/panda-foundation/go-compiler/scanner/scanner.go:416.6,417.38 1 1
github.com/panda-foundation/go-compiler/scanner/scanner.go:420.3,420.20 1 1
github.com/panda-foundation/go-compiler/scanner/scanner.go:423.3,426.25 4 1
github.com/panda-foundation/go-compiler/scanner/scanner.go:417.38,419.4 1 1
github.com/panda-foundation/go-compiler/scanner/scanner.go:420.20,422.4 1 1
github.com/panda-foundation/go-compiler/scanner/scanner.go:426.25,429.33 2 1
github.com/panda-foundation/go-compiler/scanner/scanner.go:429.33,435.5 2 1
github.com/panda-foundation/go-compiler/scanner/scanner.go:435.10,435.44 1 1
github.com/panda-foundation/go-compiler/scanner/scanner.go:435.44,436.37 1 1
github.com/panda-foundation/go-compiler/scanner/scanner.go:442.5,442.85 1 1
github.com/panda-foundation/go-compiler/scanner/scanner.go:445.5,445.82 1 1
github.com/panda-foundation/go-compiler/scanner/scanner.go:436.37,440.11 4 1
github.com/panda-foundation/go-compiler/scanner/scanner.go:442.85,444.6 1 1
github.com/panda-foundation/go-compiler/scanner/scanner.go:446.10,446.42 1 1
github.com/panda-foundation/go-compiler/scanner/scanner.go:446.42,447.37 1 1
github.com/panda-foundation/go-compiler/scanner/scanner.go:453.5,453.85 1 1
github.com/panda-foundation/go-compiler/scanner/scanner.go:456.5,456.80 1 1
github.com/panda-foundation/go-compiler/scanner/scanner.go:447.37,451.11 4 1
github.com/panda-foundation/go-compiler/scanner/scanner.go:453.85,455.6 1 1
github.com/panda-foundation/go-compiler/scanner/scanner.go:457.10,457.41 1 1
github.com/panda-foundation/go-compiler/scanner/scanner.go:457.41,458.37 1 1
github.com/panda-foundation/go-compiler/scanner/scanner.go:464.5,465.70 2 1
github.com/panda-foundation/go-compiler/scanner/scanner.go:458.37,462.11 4 1
github.com/panda-foundation/go-compiler/scanner/scanner.go:466.10,468.5 1 1
github.com/panda-foundation/go-compiler/scanner/scanner.go:469.9,471.4 1 1
github.com/panda-foundation/go-compiler/scanner/scanner.go:475.44,477.2 1 1
github.com/panda-foundation/go-compiler/scanner/scanner.go:479.45,481.2 1 1
github.com/panda-foundation/go-compiler/scanner/scanner.go:483.41,485.2 1 1
github.com/panda-foundation/go-compiler/scanner/scanner.go:487.43,488.9 1 1
github.com/panda-foundation/go-compiler/scanner/scanner.go:494.2,494.11 1 1
github.com/panda-foundation/go-compiler/scanner/scanner.go:489.34,490.25 1 1
github.com/panda-foundation/go-compiler/scanner/scanner.go:491.52,492.39 1 1
github.com/panda-foundation/go-compiler/scanner/scanner.go:498.72,499.74 1 1
github.com/panda-foundation/go-compiler/scanner/scanner.go:503.2,506.24 3 1
github.com/panda-foundation/go-compiler/scanner/scanner.go:552.2,552.8 1 1
github.com/panda-foundation/go-compiler/scanner/scanner.go:499.74,501.3 1 1
github.com/panda-foundation/go-compiler/scanner/scanner.go:506.24,509.3 2 1
github.com/panda-foundation/go-compiler/scanner/scanner.go:509.8,509.82 1 1
github.com/panda-foundation/go-compiler/scanner/scanner.go:509.82,511.3 1 1
github.com/panda-foundation/go-compiler/scanner/scanner.go:511.8,514.15 3 1
github.com/panda-foundation/go-compiler/scanner/scanner.go:515.12,517.31 2 1
github.com/panda-foundation/go-compiler/scanner/scanner.go:520.12,522.28 2 1
github.com/panda-foundation/go-compiler/scanner/scanner.go:523.12,525.31 2 1
github.com/panda-foundation/go-compiler/scanner/scanner.go:526.13,528.26 2 1
github.com/panda-foundation/go-compiler/scanner/scanner.go:529.12,530.38 1 1
github.com/panda-foundation/go-compiler/scanner/scanner.go:534.4,534.34 1 1
github.com/panda-foundation/go-compiler/scanner/scanner.go:535.12,537.17 2 1
github.com/panda-foundation/go-compiler/scanner/scanner.go:538.12,540.17 2 1
github.com/panda-foundation/go-compiler/scanner/scanner.go:541.12,542.31 1 1
github.com/panda-foundation/go-compiler/scanner/scanner.go:544.11,546.26 2 1
github.com/panda-foundation/go-compiler/scanner/scanner.go:517.31,519.5 1 1
github.com/panda-foundation/go-compiler/scanner/scanner.go:530.38,533.5 2 1
github.com/panda-foundation/go-compiler/scanner/scanner.go:546.26,549.5 2 1
github.com/panda-foundation/go-compiler/ast/program.go:27.51,29.2 1 1
github.com/panda-foundation/go-compiler/ast/program.go:32.63,45.2 1 1
github.com/panda-foundation/go-compiler/ast/statement.go:10.47,10.57 1 1
github.com/panda-foundation/go-compiler/ast/statement.go:11.47,11.57 1 1
github.com/panda-foundation/go-compiler/ast/statement.go:12.47,12.57 1 1
github.com/panda-foundation/go-compiler/ast/statement.go:13.47,13.57 1 1
github.com/panda-foundation/go-compiler/ast/statement.go:14.47,14.57 1 1
github.com/panda-foundation/go-compiler/ast/statement.go:15.47,15.57 1 1
github.com/panda-foundation/go-compiler/ast/statement.go:16.47,16.57 1 1
github.com/panda-foundation/go-compiler/ast/statement.go:17.47,17.57 1 1
github.com/panda-foundation/go-compiler/ast/statement.go:18.47,18.57 1 1
github.com/panda-foundation/go-compiler/ast/statement.go:19.47,19.57 1 1
github.com/panda-foundation/go-compiler/ast/statement.go:20.47,20.57 1 1
github.com/panda-foundation/go-compiler/ast/statement.go:21.47,21.57 1 1
github.com/panda-foundation/go-compiler/ast/statement.go:22.47,22.57 1 1
github.com/panda-foundation/go-compiler/ast/statement.go:23.47,23.57 1 1
github.com/panda-foundation/go-compiler/ast/statement.go:24.47,24.57 1 1
github.com/panda-foundation/go-compiler/ast/statement.go:25.47,25.57 1 1
github.com/panda-foundation/go-compiler/ast/types.go:17.42,18.35 1 1
github.com/panda-foundation/go-compiler/ast/types.go:21.2,21.14 1 1
github.com/panda-foundation/go-compiler/ast/types.go:18.35,20.3 1 1
github.com/panda-foundation/go-compiler/ast/types.go:31.40,33.9 2 1
github.com/panda-foundation/go-compiler/ast/types.go:36.2,36.52 1 1
github.com/panda-foundation/go-compiler/ast/types.go:39.2,39.37 1 1
github.com/panda-foundation/go-compiler/ast/types.go:44.2,44.56 1 1
github.com/panda-foundation/go-compiler/ast/types.go:47.2,47.56 1 1
github.com/panda-foundation/go-compiler/ast/types.go:50.2,50.14 1 1
github.com/panda-foundation/go-compiler/ast/types.go:33.9,35.3 1 1
github.com/panda-foundation/go-compiler/ast/types.go:36.52,38.3 1 1
github.com/panda-foundation/go-compiler/ast/types.go:39.37,40.41 1 1
github.com/panda-foundation/go-compiler/ast/types.go:40.41,42.4 1 1
github.com/panda-foundation/go-compiler/ast/types.go:44.56,46.3 1 1
github.com/panda-foundation/go-compiler/ast/types.go:47.56,49.3 1 1
github.com/panda-foundation/go-compiler/ast/types.go:61.45,63.9 2 1
github.com/panda-foundation/go-compiler/ast/types.go:66.2,66.44 1 1
github.com/panda-foundation/go-compiler/ast/types.go:69.2,69.35 1 1
github.com/panda-foundation/go-compiler/ast/types.go:74.2,74.32 1 1
github.com/panda-foundation/go-compiler/ast/types.go:77.2,77.13 1 1
github.com/panda-foundation/go-compiler/ast/types.go:63.9,65.3 1 1
github.com/panda-foundation/go-compiler/ast/types.go:66.44,68.3 1 1
github.com/panda-foundation/go-compiler/ast/types.go:69.35,70.34 1 1
github.com/panda-foundation/go-compiler/ast/types.go:70.34,72.4 1 1
github.com/panda-foundation/go-compiler/ast/types.go:74.32,76.3 1 1
github.com/panda-foundation/go-compiler/ast/types.go:88.46,90.9 2 1
github.com/panda-foundation/go-compiler/ast/types.go:93.2,93.46 1 1
github.com/panda-foundation/go-compiler/ast/types.go:96.2,96.34 1 1
github.com/panda-foundation/go-compiler/ast/types.go:101.2,101.32 1 1
github.com/panda-foundation/go-compiler/ast/types.go:104.2,104.13 1 1
github.com/panda-foundation/go-compiler/ast/types.go:90.9,92.3 1 1
github.com/panda-foundation/go-compiler/ast/types.go:93.46,95.3 1 1
github.com/panda-foundation/go-compiler/ast/types.go:96.34,97.33 1 1
github.com/panda-foundation/go-compiler/ast/types.go:97.33,99.4 1 1
github.com/panda-foundation/go-compiler/ast/types.go:101.32,103.3 1 1
github.com/panda-foundation/go-compiler/ast/types.go:114.45,116.9 2 1
github.com/panda-foundation/go-compiler/ast/types.go:119.2,119.34 1 1
github.com/panda-foundation/go-compiler/ast/types.go:122.2,122.38 1 1
github.com/panda-foundation/go-compiler/ast/types.go:125.2,125.38 1 1
github.com/panda-foundation/go-compiler/ast/types.go:128.2,128.14 1 1
github.com/panda-foundation/go-compiler/ast/types.go:116.9,118.3 1 1
github.com/panda-foundation/go-compiler/ast/types.go:119.34,121.3 1 1
github.com/panda-foundation/go-compiler/ast/types.go:122.38,124.3 1 1
github.com/panda-foundation/go-compiler/ast/types.go:125.38,127.3 1 1
github.com/panda-foundation/go-compiler/ast/types.go:139.42,141.9 2 1
github.com/panda-foundation/go-compiler/ast/types.go:144.2,144.46 1 1
github.com/panda-foundation/go-compiler/ast/types.go:147.2,147.34 1 1
github.com/panda-foundation/go-compiler/ast/types.go:152.2,152.32 1 1
github.com/panda-foundation/go-compiler/ast/types.go:155.2,155.13 1 1
github.com/panda-foundation/go-compiler/ast/types.go:141.9,143.3 1 1
github.com/panda-foundation/go-compiler/ast/types.go:144.46,146.3 1 1
github.com/panda-foundation/go-compiler/ast/types.go:147.34,148.33 1 1
github.com/panda-foundation/go-compiler/ast/types.go:148.33,150.4 1 1
github.com/panda-foundation/go-compiler/ast/types.go:152.32,154.3 1 1
github.com/panda-foundation/go-compiler/ast/types.go:159.40,161.9 2 1
github.com/panda-foundation/go-compiler/ast/types.go:164.2,164.34 1 1
github.com/panda-foundation/go-compiler/ast/types.go:167.2,167.29 1 1
github.com/panda-foundation/go-compiler/ast/types.go:170.2,170.40 1 1
github.com/panda-foundation/go-compiler/ast/types.go:173.2,173.40 1 1
github.com/panda-foundation/go-compiler/ast/types.go:176.2,176.14 1 1
github.com/panda-foundation/go-compiler/ast/types.go:161.9,163.3 1 1
github.com/panda-foundation/go-compiler/ast/types.go:164.34,166.3 1 1
github.com/panda-foundation/go-compiler/ast/types.go:167.29,169.3 1 1
github.com/panda-foundation/go-compiler/ast/types.go:170.40,172.3 1 1
github.com/panda-foundation/go-compiler/ast/types.go:173.40,175.3 1 1
github.com/panda-foundation/go-compiler/ast/types.go:180.39,181.32 1 1
github.com/panda-foundation/go-compiler/ast/types.go:184.2,184.14 1 1
github.com/panda-foundation/go-compiler/ast/types.go:181.32,183.3 1 1
github.com/panda-foundation/go-compiler/ast/types.go:195.41,197.2 1 1
github.com/panda-foundation/go-compiler/ast/declaration.go:8.33,8.43 1 1
github.com/panda-foundation/go-compiler/ast/declaration.go:9.33,9.43 1 1
github.com/panda-foundation/go-compiler/ast/declaration.go:10.33,10.43 1 1
github.com/panda-foundation/go-compiler/ast/declaration.go:11.33,11.43 1 1
github.com/panda-foundation/go-compiler/ast/declaration.go:12.33,12.43 1 1
github.com/panda-foundation/go-compiler/ast/expression.go:12.46,12.56 1 1
github.com/panda-foundation/go-compiler/ast/expression.go:13.46,13.56 1 1
github.com/panda-foundation/go-compiler/ast/expression.go:14.46,14.56 1 1
github.com/panda-foundation/go-compiler/ast/expression.go:15.46,15.56 1 1
github.com/panda-foundation/go-compiler/ast/expression.go:16.46,16.56 1 1
github.com/panda-foundation/go-compiler/ast/expression.go:17.46,17.56 1 1
github.com/panda-foundation/go-compiler/ast/expression.go:18.46,18.56 1 1
github.com/panda-foundation/go-compiler/ast/expression.go:19.46,19.56 1 1
github.com/panda-foundation/go-compiler/ast/expression.go:20.46,20.56 1 1
github.com/panda-foundation/go-compiler/ast/expression.go:21.46,21.56 1 1
github.com/panda-foundation/go-compiler/ast/expression.go:22.46,22.56 1 1
github.com/panda-foundation/go-compiler/ast/expression.go:23.46,23.56 1 1
github.com/panda-foundation/go-compiler/token/operator.go:6.46,8.2 1 1
github.com/panda-foundation/go-compiler/token/operator.go:15.48,17.2 1 1
github.com/panda-foundation/go-compiler/token/operator.go:19.56,21.2 1 1
github.com/panda-foundation/go-compiler/token/operator.go:23.76,24.48 1 1
github.com/panda-foundation/go-compiler/token/operator.go:33.2,33.19 1 1
github.com/panda-foundation/go-compiler/token/operator.go:24.48,26.26 2 1
github.com/panda-foundation/go-compiler/token/operator.go:29.3,29.29 1 1
github.com/panda-foundation/go-compiler/token/operator.go:26.26,28.4 1 1
github.com/panda-foundation/go-compiler/token/operator.go:30.8,30.23 1 1
github.com/panda-foundation/go-compiler/token/operator.go:30.23,32.3 1 1
github.com/panda-foundation/go-compiler/token/operator.go:36.70,37.30 1 1
github.com/panda-foundation/go-compiler/token/operator.go:37.30,39.37 2 1
github.com/panda-foundation/go-compiler/token/operator.go:45.3,46.54 2 1
github.com/panda-foundation/go-compiler/token/operator.go:39.37,44.4 1 1
github.com/panda-foundation/go-compiler/token/operator.go:47.8,49.3 1 1
github.com/panda-foundation/go-compiler/token/position.go:14.35,18.2 3 1
github.com/panda-foundation/go-compiler/token/position.go:29.36,31.2 1 1
github.com/panda-foundation/go-compiler/token/position.go:34.47,39.2 1 1
github.com/panda-foundation/go-compiler/token/position.go:41.56,43.12 2 1
github.com/panda-foundation/go-compiler/token/position.go:51.2,52.12 2 1
github.com/panda-foundation/go-compiler/token/position.go:55.2,55.8 1 1
github.com/panda-foundation/go-compiler/token/position.go:43.12,45.27 2 1
github.com/panda-foundation/go-compiler/token/position.go:45.27,47.4 1 1
github.com/panda-foundation/go-compiler/token/position.go:47.9,49.4 1 1
github.com/panda-foundation/go-compiler/token/position.go:52.12,54.3 1 1
github.com/panda-foundation/go-compiler/token/position.go:65.60,66.28 1 1
github.com/panda-foundation/go-compiler/token/position.go:71.2,79.10 4 1
github.com/panda-foundation/go-compiler/token/position.go:66.28,67.25 1 1
github.com/panda-foundation/go-compiler/token/position.go:67.25,68.60 1 1
github.com/panda-foundation/go-compiler/token/position.go:83.44,84.28 1 1
github.com/panda-foundation/go-compiler/token/position.go:89.2,89.12 1 1
github.com/panda-foundation/go-compiler/token/position.go:84.28,85.32 1 1
github.com/panda-foundation/go-compiler/token/position.go:85.32,87.4 1 1
github.com/panda-foundation/go-compiler/token/position.go:93.52,94.37 1 1
github.com/panda-foundation/go-compiler/token/position.go:97.2,97.12 1 1
github.com/panda-foundation/go-compiler/token/position.go:94.37,96.3 1 1
github.com/panda-foundation/go-compiler/token/token.go:278.13,281.49 2 1
github.com/panda-foundation/go-compiler/token/token.go:285.2,285.47 1 1
github.com/panda-foundation/go-compiler/token/token.go:289.2,289.51 1 1
github.com/panda-foundation/go-compiler/token/token.go:293.2,298.51 2 1
github.com/panda-foundation/go-compiler/token/token.go:281.49,283.3 1 1
github.com/panda-foundation/go-compiler/token/token.go:285.47,287.3 1 1
github.com/panda-foundation/go-compiler/token/token.go:289.51,291.3 1 1
github.com/panda-foundation/go-compiler/token/token.go:298.51,300.3 1 1
github.com/panda-foundation/go-compiler/token/token.go:304.38,305.38 1 1
github.com/panda-foundation/go-compiler/token/token.go:308.2,308.45 1 1
github.com/panda-foundation/go-compiler/token/token.go:311.2,311.23 1 1
github.com/panda-foundation/go-compiler/token/token.go:314.2,314.14 1 1
github.com/panda-foundation/go-compiler/token/token.go:305.38,307.3 1 1
github.com/panda-foundation/go-compiler/token/token.go:308.45,310.3 1 1
github.com/panda-foundation/go-compiler/token/token.go:311.23,313.3 1 1
github.com/panda-foundation/go-compiler/token/token.go:317.32,318.44 1 1
github.com/panda-foundation/go-compiler/token/token.go:321.2,321.11 1 1
github.com/panda-foundation/go-compiler/token/token.go:318.44,320.3 1 1
github.com/panda-foundation/go-compiler/token/token.go:325.33,327.2 1 1
github.com/panda-foundation/go-compiler/token/token.go:330.34,332.2 1 1
github.com/panda-foundation/go-compiler/token/token.go:335.33,337.2 1 1
github.com/panda-foundation/go-compiler/token/token.go:340.32,342.2 1 1
github.com/panda-foundation/go-compiler/token/token.go:345.33,346.18 1 1
github.com/panda-foundation/go-compiler/token/token.go:349.2,349.37 1 1
github.com/panda-foundation/go-compiler/token/token.go:346.18,348.3 1 1
github.com/panda-foundation/go-compiler/token/token.go:353.33,354.11 1 1
github.com/panda-foundation/go-compiler/token/token.go:366.2,366.10 1 1
github.com/panda-foundation/go-compiler/token/token.go:355.10,356.11 1 1
github.com/panda-foundation/go-compiler/token/token.go:357.11,358.11 1 1
github.com/panda-foundation/go-compiler/token/token.go:359.73,360.11 1 1
github.com/panda-foundation/go-compiler/token/token.go:361.33,362.11 1 1
github.com/panda-foundation/go-compiler/token/token.go:363.52,364.11 1 1
