mode: set
github.com/panda-foundation/go-compiler/scanner/scanner.go:48.64,53.29 3 1
github.com/panda-foundation/go-compiler/scanner/scanner.go:56.2,56.10 1 1
github.com/panda-foundation/go-compiler/scanner/scanner.go:53.29,55.3 1 1
github.com/panda-foundation/go-compiler/scanner/scanner.go:59.60,70.19 9 1
github.com/panda-foundation/go-compiler/scanner/scanner.go:70.19,72.3 1 1
github.com/panda-foundation/go-compiler/scanner/scanner.go:76.40,78.2 1 1
github.com/panda-foundation/go-compiler/scanner/scanner.go:80.26,81.34 1 1
github.com/panda-foundation/go-compiler/scanner/scanner.go:81.34,83.21 2 1
github.com/panda-foundation/go-compiler/scanner/scanner.go:86.3,87.10 2 1
github.com/panda-foundation/go-compiler/scanner/scanner.go:99.3,100.13 2 1
github.com/panda-foundation/go-compiler/scanner/scanner.go:83.21,85.4 1 1
github.com/panda-foundation/go-compiler/scanner/scanner.go:88.15,89.46 1 1
github.com/panda-foundation/go-compiler/scanner/scanner.go:90.27,93.37 2 1
github.com/panda-foundation/go-compiler/scanner/scanner.go:93.37,95.5 1 1
github.com/panda-foundation/go-compiler/scanner/scanner.go:95.10,95.39 1 1
github.com/panda-foundation/go-compiler/scanner/scanner.go:95.39,97.5 1 1
github.com/panda-foundation/go-compiler/scanner/scanner.go:101.8,103.21 2 1
github.com/panda-foundation/go-compiler/scanner/scanner.go:106.3,106.15 1 1
github.com/panda-foundation/go-compiler/scanner/scanner.go:103.21,105.4 1 1
github.com/panda-foundation/go-compiler/scanner/scanner.go:110.31,111.34 1 1
github.com/panda-foundation/go-compiler/scanner/scanner.go:114.2,114.10 1 1
github.com/panda-foundation/go-compiler/scanner/scanner.go:111.34,113.3 1 1
github.com/panda-foundation/go-compiler/scanner/scanner.go:117.53,118.27 1 1
github.com/panda-foundation/go-compiler/scanner/scanner.go:118.27,120.3 1 1
github.com/panda-foundation/go-compiler/scanner/scanner.go:123.40,125.19 2 1
github.com/panda-foundation/go-compiler/scanner/scanner.go:148.2,148.42 1 1
github.com/panda-foundation/go-compiler/scanner/scanner.go:125.19,128.37 2 1
github.com/panda-foundation/go-compiler/scanner/scanner.go:128.37,130.4 1 1
github.com/panda-foundation/go-compiler/scanner/scanner.go:131.8,135.19 3 1
github.com/panda-foundation/go-compiler/scanner/scanner.go:144.3,144.18 1 1
github.com/panda-foundation/go-compiler/scanner/scanner.go:135.19,138.36 3 1
github.com/panda-foundation/go-compiler/scanner/scanner.go:138.36,141.10 3 1
github.com/panda-foundation/go-compiler/scanner/scanner.go:144.18,146.4 1 1
github.com/panda-foundation/go-compiler/scanner/scanner.go:151.43,153.48 2 1
github.com/panda-foundation/go-compiler/scanner/scanner.go:156.2,156.42 1 1
github.com/panda-foundation/go-compiler/scanner/scanner.go:153.48,155.3 1 1
github.com/panda-foundation/go-compiler/scanner/scanner.go:159.40,160.32 1 1
github.com/panda-foundation/go-compiler/scanner/scanner.go:160.32,162.3 1 1
github.com/panda-foundation/go-compiler/scanner/scanner.go:165.54,169.19 3 1
github.com/panda-foundation/go-compiler/scanner/scanner.go:207.2,207.19 1 1
github.com/panda-foundation/go-compiler/scanner/scanner.go:218.2,218.45 1 1
github.com/panda-foundation/go-compiler/scanner/scanner.go:169.19,170.20 1 1
github.com/panda-foundation/go-compiler/scanner/scanner.go:170.20,172.21 2 1
github.com/panda-foundation/go-compiler/scanner/scanner.go:172.21,174.28 2 1
github.com/panda-foundation/go-compiler/scanner/scanner.go:189.5,189.27 1 1
github.com/panda-foundation/go-compiler/scanner/scanner.go:175.14,176.15 1 1
github.com/panda-foundation/go-compiler/scanner/scanner.go:177.14,178.14 1 1
github.com/panda-foundation/go-compiler/scanner/scanner.go:179.14,180.14 1 1
github.com/panda-foundation/go-compiler/scanner/scanner.go:181.13,182.29 1 1
github.com/panda-foundation/go-compiler/scanner/scanner.go:182.29,185.7 2 1
github.com/panda-foundation/go-compiler/scanner/scanner.go:185.12,187.7 1 1
github.com/panda-foundation/go-compiler/scanner/scanner.go:189.27,192.30 3 1
github.com/panda-foundation/go-compiler/scanner/scanner.go:196.6,196.23 1 1
github.com/panda-foundation/go-compiler/scanner/scanner.go:192.30,195.7 2 1
github.com/panda-foundation/go-compiler/scanner/scanner.go:196.23,199.7 2 1
github.com/panda-foundation/go-compiler/scanner/scanner.go:202.9,204.4 1 1
github.com/panda-foundation/go-compiler/scanner/scanner.go:207.19,212.35 5 1
github.com/panda-foundation/go-compiler/scanner/scanner.go:212.35,215.4 2 1
github.com/panda-foundation/go-compiler/scanner/scanner.go:221.42,226.16 4 1
github.com/panda-foundation/go-compiler/scanner/scanner.go:249.2,250.12 2 1
github.com/panda-foundation/go-compiler/scanner/scanner.go:261.2,261.42 1 1
github.com/panda-foundation/go-compiler/scanner/scanner.go:227.54,229.9 2 1
github.com/panda-foundation/go-compiler/scanner/scanner.go:230.46,231.27 1 1
github.com/panda-foundation/go-compiler/scanner/scanner.go:232.11,234.28 2 1
github.com/panda-foundation/go-compiler/scanner/scanner.go:235.11,237.40 2 1
github.com/panda-foundation/go-compiler/scanner/scanner.go:238.11,240.40 2 1
github.com/panda-foundation/go-compiler/scanner/scanner.go:241.10,243.17 2 1
github.com/panda-foundation/go-compiler/scanner/scanner.go:246.3,246.21 1 1
github.com/panda-foundation/go-compiler/scanner/scanner.go:243.17,245.4 1 1
github.com/panda-foundation/go-compiler/scanner/scanner.go:250.12,252.16 2 1
github.com/panda-foundation/go-compiler/scanner/scanner.go:256.3,258.6 3 1
github.com/panda-foundation/go-compiler/scanner/scanner.go:252.16,255.4 2 1
github.com/panda-foundation/go-compiler/scanner/scanner.go:261.42,263.3 1 1
github.com/panda-foundation/go-compiler/scanner/scanner.go:266.39,269.6 2 1
github.com/panda-foundation/go-compiler/scanner/scanner.go:283.2,283.42 1 1
github.com/panda-foundation/go-compiler/scanner/scanner.go:269.6,271.31 2 1
github.com/panda-foundation/go-compiler/scanner/scanner.go:274.3,275.18 2 1
github.com/panda-foundation/go-compiler/scanner/scanner.go:278.3,278.19 1 1
github.com/panda-foundation/go-compiler/scanner/scanner.go:271.31,273.4 1 1
github.com/panda-foundation/go-compiler/scanner/scanner.go:275.18,276.9 1 1
github.com/panda-foundation/go-compiler/scanner/scanner.go:278.19,280.4 1 1
github.com/panda-foundation/go-compiler/scanner/scanner.go:286.37,290.30 3 1
github.com/panda-foundation/go-compiler/scanner/scanner.go:293.2,294.18 2 1
github.com/panda-foundation/go-compiler/scanner/scanner.go:297.2,297.20 1 1
github.com/panda-foundation/go-compiler/scanner/scanner.go:300.2,301.42 2 1
github.com/panda-foundation/go-compiler/scanner/scanner.go:290.30,292.3 1 1
github.com/panda-foundation/go-compiler/scanner/scanner.go:294.18,296.3 1 1
github.com/panda-foundation/go-compiler/scanner/scanner.go:297.20,299.3 1 1
github.com/panda-foundation/go-compiler/scanner/scanner.go:304.42,307.6 2 1
github.com/panda-foundation/go-compiler/scanner/scanner.go:318.2,318.42 1 1
github.com/panda-foundation/go-compiler/scanner/scanner.go:307.6,309.15 2 1
github.com/panda-foundation/go-compiler/scanner/scanner.go:312.3,313.18 2 1
github.com/panda-foundation/go-compiler/scanner/scanner.go:309.15,311.4 1 1
github.com/panda-foundation/go-compiler/scanner/scanner.go:313.18,314.9 1 1
github.com/panda-foundation/go-compiler/scanner/scanner.go:321.67,324.16 3 1
github.com/panda-foundation/go-compiler/scanner/scanner.go:330.2,330.8 1 1
github.com/panda-foundation/go-compiler/scanner/scanner.go:324.16,325.31 1 1
github.com/panda-foundation/go-compiler/scanner/scanner.go:328.3,328.46 1 1
github.com/panda-foundation/go-compiler/scanner/scanner.go:325.31,327.4 1 1
github.com/panda-foundation/go-compiler/scanner/scanner.go:333.65,335.25 1 1
github.com/panda-foundation/go-compiler/scanner/scanner.go:338.2,339.31 2 1
github.com/panda-foundation/go-compiler/scanner/scanner.go:382.2,382.17 1 1
github.com/panda-foundation/go-compiler/scanner/scanner.go:335.25,337.3 1 1
github.com/panda-foundation/go-compiler/scanner/scanner.go:339.31,347.13 4 1
github.com/panda-foundation/go-compiler/scanner/scanner.go:347.13,349.4 1 1
github.com/panda-foundation/go-compiler/scanner/scanner.go:349.9,351.4 1 1
github.com/panda-foundation/go-compiler/scanner/scanner.go:352.8,352.42 1 1
github.com/panda-foundation/go-compiler/scanner/scanner.go:352.42,353.111 1 1
github.com/panda-foundation/go-compiler/scanner/scanner.go:364.3,364.80 1 1
github.com/panda-foundation/go-compiler/scanner/scanner.go:353.111,355.4 1 1
github.com/panda-foundation/go-compiler/scanner/scanner.go:355.9,355.67 1 1
github.com/panda-foundation/go-compiler/scanner/scanner.go:355.67,357.4 1 1
github.com/panda-foundation/go-compiler/scanner/scanner.go:357.9,358.38 1 1
github.com/panda-foundation/go-compiler/scanner/scanner.go:358.38,360.5 1 1
github.com/panda-foundation/go-compiler/scanner/scanner.go:360.10,362.5 1 1
github.com/panda-foundation/go-compiler/scanner/scanner.go:365.8,365.40 1 1
github.com/panda-foundation/go-compiler/scanner/scanner.go:365.40,366.111 1 1
github.com/panda-foundation/go-compiler/scanner/scanner.go:371.3,371.78 1 1
github.com/panda-foundation/go-compiler/scanner/scanner.go:366.111,368.4 1 1
github.com/panda-foundation/go-compiler/scanner/scanner.go:368.9,368.67 1 1
github.com/panda-foundation/go-compiler/scanner/scanner.go:368.67,370.4 1 1
github.com/panda-foundation/go-compiler/scanner/scanner.go:372.8,372.39 1 1
github.com/panda-foundation/go-compiler/scanner/scanner.go:372.39,373.31 1 1
github.com/panda-foundation/go-compiler/scanner/scanner.go:376.3,377.68 2 1
github.com/panda-foundation/go-compiler/scanner/scanner.go:373.31,375.4 1 1
github.com/panda-foundation/go-compiler/scanner/scanner.go:378.8,380.3 1 1
github.com/panda-foundation/go-compiler/scanner/scanner.go:385.53,386.38 1 1
github.com/panda-foundation/go-compiler/scanner/scanner.go:390.2,390.24 1 1
github.com/panda-foundation/go-compiler/scanner/scanner.go:407.2,408.14 2 1
github.com/panda-foundation/go-compiler/scanner/scanner.go:386.38,388.3 1 1
github.com/panda-foundation/go-compiler/scanner/scanner.go:390.24,393.57 2 1
github.com/panda-foundation/go-compiler/scanner/scanner.go:396.3,396.21 1 1
github.com/panda-foundation/go-compiler/scanner/scanner.go:400.3,401.33 2 1
github.com/panda-foundation/go-compiler/scanner/scanner.go:404.3,404.16 1 1
github.com/panda-foundation/go-compiler/scanner/scanner.go:393.57,395.4 1 1
github.com/panda-foundation/go-compiler/scanner/scanner.go:396.21,398.4 1 1
github.com/panda-foundation/go-compiler/scanner/scanner.go:401.33,403.4 1 1
github.com/panda-foundation/go-compiler/scanner/scanner.go:411.38,413.6 2 1
github.com/panda-foundation/go-compiler/scanner/scanner.go:413.6,414.38 1 1
github.com/panda-foundation/go-compiler/scanner/scanner.go:417.3,417.20 1 1
github.com/panda-foundation/go-compiler/scanner/scanner.go:420.3,423.25 4 1
github.com/panda-foundation/go-compiler/scanner/scanner.go:414.38,416.4 1 1
github.com/panda-foundation/go-compiler/scanner/scanner.go:417.20,419.4 1 1
github.com/panda-foundation/go-compiler/scanner/scanner.go:423.25,426.33 2 1
github.com/panda-foundation/go-compiler/scanner/scanner.go:426.33,432.5 2 1
github.com/panda-foundation/go-compiler/scanner/scanner.go:432.10,432.44 1 1
github.com/panda-foundation/go-compiler/scanner/scanner.go:432.44,433.37 1 1
github.com/panda-foundation/go-compiler/scanner/scanner.go:439.5,439.85 1 1
github.com/panda-foundation/go-compiler/scanner/scanner.go:442.5,442.82 1 1
github.com/panda-foundation/go-compiler/scanner/scanner.go:433.37,437.11 4 1
github.com/panda-foundation/go-compiler/scanner/scanner.go:439.85,441.6 1 1
github.com/panda-foundation/go-compiler/scanner/scanner.go:443.10,443.42 1 1
github.com/panda-foundation/go-compiler/scanner/scanner.go:443.42,444.37 1 1
github.com/panda-foundation/go-compiler/scanner/scanner.go:450.5,450.85 1 1
github.com/panda-foundation/go-compiler/scanner/scanner.go:453.5,453.80 1 1
github.com/panda-foundation/go-compiler/scanner/scanner.go:444.37,448.11 4 1
github.com/panda-foundation/go-compiler/scanner/scanner.go:450.85,452.6 1 1
github.com/panda-foundation/go-compiler/scanner/scanner.go:454.10,454.41 1 1
github.com/panda-foundation/go-compiler/scanner/scanner.go:454.41,455.37 1 1
github.com/panda-foundation/go-compiler/scanner/scanner.go:461.5,462.70 2 1
github.com/panda-foundation/go-compiler/scanner/scanner.go:455.37,459.11 4 1
github.com/panda-foundation/go-compiler/scanner/scanner.go:463.10,465.5 1 1
github.com/panda-foundation/go-compiler/scanner/scanner.go:466.9,468.4 1 1
github.com/panda-foundation/go-compiler/scanner/scanner.go:472.44,474.2 1 1
github.com/panda-foundation/go-compiler/scanner/scanner.go:476.45,478.2 1 1
github.com/panda-foundation/go-compiler/scanner/scanner.go:480.41,482.2 1 1
github.com/panda-foundation/go-compiler/scanner/scanner.go:484.43,485.9 1 1
github.com/panda-foundation/go-compiler/scanner/scanner.go:491.2,491.11 1 1
github.com/panda-foundation/go-compiler/scanner/scanner.go:486.34,487.25 1 1
github.com/panda-foundation/go-compiler/scanner/scanner.go:488.52,489.39 1 1
github.com/panda-foundation/go-compiler/scanner/scanner.go:494.72,495.74 1 1
github.com/panda-foundation/go-compiler/scanner/scanner.go:499.2,502.24 3 1
github.com/panda-foundation/go-compiler/scanner/scanner.go:548.2,548.8 1 1
github.com/panda-foundation/go-compiler/scanner/scanner.go:495.74,497.3 1 1
github.com/panda-foundation/go-compiler/scanner/scanner.go:502.24,505.3 2 1
github.com/panda-foundation/go-compiler/scanner/scanner.go:505.8,505.82 1 1
github.com/panda-foundation/go-compiler/scanner/scanner.go:505.82,507.3 1 1
github.com/panda-foundation/go-compiler/scanner/scanner.go:507.8,510.15 3 1
github.com/panda-foundation/go-compiler/scanner/scanner.go:511.12,513.31 2 1
github.com/panda-foundation/go-compiler/scanner/scanner.go:516.12,518.28 2 1
github.com/panda-foundation/go-compiler/scanner/scanner.go:519.12,521.31 2 1
github.com/panda-foundation/go-compiler/scanner/scanner.go:522.13,524.26 2 1
github.com/panda-foundation/go-compiler/scanner/scanner.go:525.12,526.38 1 1
github.com/panda-foundation/go-compiler/scanner/scanner.go:530.4,530.34 1 1
github.com/panda-foundation/go-compiler/scanner/scanner.go:531.12,533.17 2 1
github.com/panda-foundation/go-compiler/scanner/scanner.go:534.12,536.17 2 1
github.com/panda-foundation/go-compiler/scanner/scanner.go:537.12,538.31 1 1
github.com/panda-foundation/go-compiler/scanner/scanner.go:540.11,542.26 2 1
github.com/panda-foundation/go-compiler/scanner/scanner.go:513.31,515.5 1 1
github.com/panda-foundation/go-compiler/scanner/scanner.go:526.38,529.5 2 1
github.com/panda-foundation/go-compiler/scanner/scanner.go:542.26,545.5 2 1
github.com/panda-foundation/go-compiler/token/operator.go:5.46,7.2 1 1
github.com/panda-foundation/go-compiler/token/operator.go:14.48,16.2 1 1
github.com/panda-foundation/go-compiler/token/operator.go:18.56,20.2 1 1
github.com/panda-foundation/go-compiler/token/operator.go:22.76,23.48 1 1
github.com/panda-foundation/go-compiler/token/operator.go:32.2,32.19 1 1
github.com/panda-foundation/go-compiler/token/operator.go:23.48,25.26 2 1
github.com/panda-foundation/go-compiler/token/operator.go:28.3,28.29 1 1
github.com/panda-foundation/go-compiler/token/operator.go:25.26,27.4 1 1
github.com/panda-foundation/go-compiler/token/operator.go:29.8,29.23 1 1
github.com/panda-foundation/go-compiler/token/operator.go:29.23,31.3 1 1
github.com/panda-foundation/go-compiler/token/operator.go:35.70,36.30 1 1
github.com/panda-foundation/go-compiler/token/operator.go:36.30,38.37 2 1
github.com/panda-foundation/go-compiler/token/operator.go:44.3,45.54 2 1
github.com/panda-foundation/go-compiler/token/operator.go:38.37,43.4 1 1
github.com/panda-foundation/go-compiler/token/operator.go:46.8,48.3 1 1
github.com/panda-foundation/go-compiler/token/position.go:12.35,16.2 3 1
github.com/panda-foundation/go-compiler/token/position.go:25.36,27.2 1 1
github.com/panda-foundation/go-compiler/token/position.go:29.47,34.2 1 1
github.com/panda-foundation/go-compiler/token/position.go:36.56,38.12 2 1
github.com/panda-foundation/go-compiler/token/position.go:46.2,47.12 2 1
github.com/panda-foundation/go-compiler/token/position.go:50.2,50.8 1 1
github.com/panda-foundation/go-compiler/token/position.go:38.12,40.27 2 1
github.com/panda-foundation/go-compiler/token/position.go:40.27,42.4 1 1
github.com/panda-foundation/go-compiler/token/position.go:42.9,44.4 1 1
github.com/panda-foundation/go-compiler/token/position.go:47.12,49.3 1 1
github.com/panda-foundation/go-compiler/token/position.go:58.60,59.28 1 1
github.com/panda-foundation/go-compiler/token/position.go:64.2,72.10 4 1
github.com/panda-foundation/go-compiler/token/position.go:59.28,60.25 1 1
github.com/panda-foundation/go-compiler/token/position.go:60.25,61.60 1 1
github.com/panda-foundation/go-compiler/token/position.go:75.44,76.28 1 1
github.com/panda-foundation/go-compiler/token/position.go:81.2,81.12 1 1
github.com/panda-foundation/go-compiler/token/position.go:76.28,77.32 1 1
github.com/panda-foundation/go-compiler/token/position.go:77.32,79.4 1 1
github.com/panda-foundation/go-compiler/token/position.go:84.52,85.37 1 1
github.com/panda-foundation/go-compiler/token/position.go:88.2,88.12 1 1
github.com/panda-foundation/go-compiler/token/position.go:85.37,87.3 1 1
github.com/panda-foundation/go-compiler/token/token.go:238.13,241.49 2 1
github.com/panda-foundation/go-compiler/token/token.go:245.2,245.47 1 1
github.com/panda-foundation/go-compiler/token/token.go:249.2,249.51 1 1
github.com/panda-foundation/go-compiler/token/token.go:253.2,258.51 2 1
github.com/panda-foundation/go-compiler/token/token.go:241.49,243.3 1 1
github.com/panda-foundation/go-compiler/token/token.go:245.47,247.3 1 1
github.com/panda-foundation/go-compiler/token/token.go:249.51,251.3 1 1
github.com/panda-foundation/go-compiler/token/token.go:258.51,260.3 1 1
github.com/panda-foundation/go-compiler/token/token.go:263.38,264.38 1 1
github.com/panda-foundation/go-compiler/token/token.go:267.2,267.45 1 1
github.com/panda-foundation/go-compiler/token/token.go:270.2,270.23 1 1
github.com/panda-foundation/go-compiler/token/token.go:273.2,273.14 1 1
github.com/panda-foundation/go-compiler/token/token.go:264.38,266.3 1 1
github.com/panda-foundation/go-compiler/token/token.go:267.45,269.3 1 1
github.com/panda-foundation/go-compiler/token/token.go:270.23,272.3 1 1
github.com/panda-foundation/go-compiler/token/token.go:276.32,277.44 1 1
github.com/panda-foundation/go-compiler/token/token.go:280.2,280.11 1 1
github.com/panda-foundation/go-compiler/token/token.go:277.44,279.3 1 1
github.com/panda-foundation/go-compiler/token/token.go:283.33,285.2 1 1
github.com/panda-foundation/go-compiler/token/token.go:287.34,289.2 1 1
github.com/panda-foundation/go-compiler/token/token.go:291.33,293.2 1 1
github.com/panda-foundation/go-compiler/token/token.go:295.32,297.2 1 1
github.com/panda-foundation/go-compiler/token/token.go:299.33,300.11 1 1
github.com/panda-foundation/go-compiler/token/token.go:338.2,338.10 1 1
github.com/panda-foundation/go-compiler/token/token.go:302.69,303.11 1 1
github.com/panda-foundation/go-compiler/token/token.go:305.16,306.11 1 1
github.com/panda-foundation/go-compiler/token/token.go:308.10,309.11 1 1
github.com/panda-foundation/go-compiler/token/token.go:311.11,312.11 1 1
github.com/panda-foundation/go-compiler/token/token.go:314.13,315.11 1 1
github.com/panda-foundation/go-compiler/token/token.go:317.14,318.11 1 1
github.com/panda-foundation/go-compiler/token/token.go:320.14,321.11 1 1
github.com/panda-foundation/go-compiler/token/token.go:323.23,324.11 1 1
github.com/panda-foundation/go-compiler/token/token.go:326.46,327.11 1 1
github.com/panda-foundation/go-compiler/token/token.go:329.29,330.12 1 1
github.com/panda-foundation/go-compiler/token/token.go:332.19,333.12 1 1
github.com/panda-foundation/go-compiler/token/token.go:335.21,336.12 1 1
github.com/panda-foundation/go-compiler/parser/parser.go:20.40,28.2 3 1
github.com/panda-foundation/go-compiler/parser/parser.go:56.71,61.2 4 0
github.com/panda-foundation/go-compiler/parser/parser.go:63.76,68.2 4 1
github.com/panda-foundation/go-compiler/parser/parser.go:70.44,73.2 2 1
github.com/panda-foundation/go-compiler/parser/parser.go:75.45,77.16 2 0
github.com/panda-foundation/go-compiler/parser/parser.go:80.2,81.23 2 0
github.com/panda-foundation/go-compiler/parser/parser.go:77.16,78.13 1 0
github.com/panda-foundation/go-compiler/parser/parser.go:84.45,86.16 2 0
github.com/panda-foundation/go-compiler/parser/parser.go:89.2,90.16 2 0
github.com/panda-foundation/go-compiler/parser/parser.go:94.2,94.25 1 0
github.com/panda-foundation/go-compiler/parser/parser.go:86.16,87.13 1 0
github.com/panda-foundation/go-compiler/parser/parser.go:90.16,91.13 1 0
github.com/panda-foundation/go-compiler/parser/parser.go:94.25,95.16 1 0
github.com/panda-foundation/go-compiler/parser/parser.go:95.16,97.4 1 0
github.com/panda-foundation/go-compiler/parser/parser.go:97.9,98.42 1 0
github.com/panda-foundation/go-compiler/parser/parser.go:98.42,101.5 2 0
github.com/panda-foundation/go-compiler/parser/parser.go:106.25,108.2 1 1
github.com/panda-foundation/go-compiler/parser/parser.go:110.40,111.18 1 1
github.com/panda-foundation/go-compiler/parser/parser.go:114.2,114.10 1 1
github.com/panda-foundation/go-compiler/parser/parser.go:111.18,113.3 1 0
github.com/panda-foundation/go-compiler/parser/parser.go:117.61,119.28 2 1
github.com/panda-foundation/go-compiler/parser/parser.go:129.2,129.27 1 1
github.com/panda-foundation/go-compiler/parser/parser.go:119.28,120.10 1 1
github.com/panda-foundation/go-compiler/parser/parser.go:121.51,122.35 1 0
github.com/panda-foundation/go-compiler/parser/parser.go:123.28,124.40 1 1
github.com/panda-foundation/go-compiler/parser/parser.go:125.11,126.54 1 0
github.com/panda-foundation/go-compiler/parser/parser.go:132.54,133.88 1 1
github.com/panda-foundation/go-compiler/parser/parser.go:136.58,141.2 1 0
github.com/panda-foundation/go-compiler/parser/parser.go:143.57,147.2 3 1
github.com/panda-foundation/go-compiler/parser/parser.go:149.87,150.33 1 1
github.com/panda-foundation/go-compiler/parser/parser.go:155.2,155.14 1 1
github.com/panda-foundation/go-compiler/parser/parser.go:150.33,151.29 1 1
github.com/panda-foundation/go-compiler/parser/parser.go:151.29,153.4 1 1
github.com/panda-foundation/go-compiler/parser/statement.go:8.55,9.17 1 1
github.com/panda-foundation/go-compiler/parser/statement.go:10.19,15.11 5 1
github.com/panda-foundation/go-compiler/parser/statement.go:17.22,22.11 5 0
github.com/panda-foundation/go-compiler/parser/statement.go:24.20,28.28 4 1
github.com/panda-foundation/go-compiler/parser/statement.go:31.3,32.11 2 1
github.com/panda-foundation/go-compiler/parser/statement.go:34.19,40.11 6 1
github.com/panda-foundation/go-compiler/parser/statement.go:42.18,46.30 4 1
github.com/panda-foundation/go-compiler/parser/statement.go:49.3,51.11 3 1
github.com/panda-foundation/go-compiler/parser/statement.go:53.23,54.36 1 1
github.com/panda-foundation/go-compiler/parser/statement.go:56.16,57.30 1 1
github.com/panda-foundation/go-compiler/parser/statement.go:59.20,60.34 1 1
github.com/panda-foundation/go-compiler/parser/statement.go:62.17,63.31 1 1
github.com/panda-foundation/go-compiler/parser/statement.go:65.17,66.31 1 1
github.com/panda-foundation/go-compiler/parser/statement.go:68.10,69.38 1 1
github.com/panda-foundation/go-compiler/parser/statement.go:28.28,30.4 1 1
github.com/panda-foundation/go-compiler/parser/statement.go:46.30,48.4 1 1
github.com/panda-foundation/go-compiler/parser/statement.go:73.77,74.17 1 1
github.com/panda-foundation/go-compiler/parser/statement.go:75.18,78.18 3 1
github.com/panda-foundation/go-compiler/parser/statement.go:81.3,81.11 1 1
github.com/panda-foundation/go-compiler/parser/statement.go:83.17,84.50 1 1
github.com/panda-foundation/go-compiler/parser/statement.go:89.52,92.18 3 1
github.com/panda-foundation/go-compiler/parser/statement.go:95.3,98.11 4 1
github.com/panda-foundation/go-compiler/parser/statement.go:100.10,102.13 2 0
github.com/panda-foundation/go-compiler/parser/statement.go:78.18,80.4 1 1
github.com/panda-foundation/go-compiler/parser/statement.go:92.18,94.4 1 1
github.com/panda-foundation/go-compiler/parser/statement.go:106.85,111.80 5 1
github.com/panda-foundation/go-compiler/parser/statement.go:114.2,114.29 1 1
github.com/panda-foundation/go-compiler/parser/statement.go:118.2,118.17 1 1
github.com/panda-foundation/go-compiler/parser/statement.go:121.2,121.10 1 1
github.com/panda-foundation/go-compiler/parser/statement.go:111.80,113.3 1 1
github.com/panda-foundation/go-compiler/parser/statement.go:114.29,117.3 2 1
github.com/panda-foundation/go-compiler/parser/statement.go:118.17,120.3 1 1
github.com/panda-foundation/go-compiler/parser/statement.go:124.63,128.34 4 1
github.com/panda-foundation/go-compiler/parser/statement.go:131.2,132.10 2 1
github.com/panda-foundation/go-compiler/parser/statement.go:128.34,130.3 1 1
github.com/panda-foundation/go-compiler/parser/statement.go:135.53,143.30 8 1
github.com/panda-foundation/go-compiler/parser/statement.go:147.2,147.10 1 1
github.com/panda-foundation/go-compiler/parser/statement.go:143.30,146.3 2 1
github.com/panda-foundation/go-compiler/parser/statement.go:150.51,155.27 5 1
github.com/panda-foundation/go-compiler/parser/statement.go:162.2,164.27 3 1
github.com/panda-foundation/go-compiler/parser/statement.go:172.2,172.10 1 1
github.com/panda-foundation/go-compiler/parser/statement.go:155.27,159.3 3 0
github.com/panda-foundation/go-compiler/parser/statement.go:159.8,161.3 1 1
github.com/panda-foundation/go-compiler/parser/statement.go:164.27,166.26 2 1
github.com/panda-foundation/go-compiler/parser/statement.go:166.26,168.4 1 1
github.com/panda-foundation/go-compiler/parser/statement.go:168.9,170.4 1 1
github.com/panda-foundation/go-compiler/parser/statement.go:175.59,181.27 6 1
github.com/panda-foundation/go-compiler/parser/statement.go:188.2,190.56 3 1
github.com/panda-foundation/go-compiler/parser/statement.go:193.2,194.10 2 1
github.com/panda-foundation/go-compiler/parser/statement.go:181.27,185.3 3 0
github.com/panda-foundation/go-compiler/parser/statement.go:185.8,187.3 1 1
github.com/panda-foundation/go-compiler/parser/statement.go:190.56,192.3 1 1
github.com/panda-foundation/go-compiler/parser/statement.go:197.55,200.27 3 1
github.com/panda-foundation/go-compiler/parser/statement.go:206.2,208.10 3 1
github.com/panda-foundation/go-compiler/parser/statement.go:200.27,203.3 2 1
github.com/panda-foundation/go-compiler/parser/statement.go:203.8,205.3 1 1
github.com/panda-foundation/go-compiler/parser/statement.go:211.58,214.32 3 1
github.com/panda-foundation/go-compiler/parser/statement.go:214.32,219.3 4 1
github.com/panda-foundation/go-compiler/parser/statement.go:219.8,222.34 3 1
github.com/panda-foundation/go-compiler/parser/statement.go:222.34,229.4 6 0
github.com/panda-foundation/go-compiler/parser/statement.go:229.9,229.36 1 1
github.com/panda-foundation/go-compiler/parser/statement.go:229.36,238.4 8 1
github.com/panda-foundation/go-compiler/parser/statement.go:238.9,241.30 3 1
github.com/panda-foundation/go-compiler/parser/statement.go:241.30,251.5 9 1
github.com/panda-foundation/go-compiler/parser/statement.go:251.10,251.42 1 1
github.com/panda-foundation/go-compiler/parser/statement.go:251.42,259.5 7 1
github.com/panda-foundation/go-compiler/parser/statement.go:259.10,259.36 1 1
github.com/panda-foundation/go-compiler/parser/statement.go:259.36,265.36 6 1
github.com/panda-foundation/go-compiler/parser/statement.go:272.5,274.13 3 1
github.com/panda-foundation/go-compiler/parser/statement.go:265.36,267.6 1 1
github.com/panda-foundation/go-compiler/parser/statement.go:267.11,271.6 3 1
github.com/panda-foundation/go-compiler/parser/statement.go:275.10,278.5 2 0
github.com/panda-foundation/go-compiler/parser/types.go:8.41,9.24 1 1
github.com/panda-foundation/go-compiler/parser/types.go:16.2,16.26 1 1
github.com/panda-foundation/go-compiler/parser/types.go:9.24,15.3 5 1
github.com/panda-foundation/go-compiler/parser/types.go:19.50,23.27 4 1
github.com/panda-foundation/go-compiler/parser/types.go:26.2,26.10 1 1
github.com/panda-foundation/go-compiler/parser/types.go:23.27,25.3 1 1
github.com/panda-foundation/go-compiler/parser/types.go:29.60,35.31 6 1
github.com/panda-foundation/go-compiler/parser/types.go:39.2,39.29 1 1
github.com/panda-foundation/go-compiler/parser/types.go:50.2,51.10 2 1
github.com/panda-foundation/go-compiler/parser/types.go:35.31,38.3 2 0
github.com/panda-foundation/go-compiler/parser/types.go:39.29,42.32 3 0
github.com/panda-foundation/go-compiler/parser/types.go:42.32,43.23 1 0
github.com/panda-foundation/go-compiler/parser/types.go:46.4,47.12 2 0
github.com/panda-foundation/go-compiler/parser/types.go:43.23,45.5 1 0
github.com/panda-foundation/go-compiler/parser/types.go:54.62,59.31 5 1
github.com/panda-foundation/go-compiler/parser/types.go:63.2,63.29 1 1
github.com/panda-foundation/go-compiler/parser/types.go:74.2,75.10 2 1
github.com/panda-foundation/go-compiler/parser/types.go:59.31,62.3 2 0
github.com/panda-foundation/go-compiler/parser/types.go:63.29,64.17 1 0
github.com/panda-foundation/go-compiler/parser/types.go:67.3,69.32 3 0
github.com/panda-foundation/go-compiler/parser/types.go:64.17,66.4 1 0
github.com/panda-foundation/go-compiler/parser/types.go:69.32,72.4 2 0
github.com/panda-foundation/go-compiler/parser/types.go:78.60,82.28 4 1
github.com/panda-foundation/go-compiler/parser/types.go:86.2,86.10 1 1
github.com/panda-foundation/go-compiler/parser/types.go:82.28,85.3 2 0
github.com/panda-foundation/go-compiler/parser/types.go:89.59,92.29 3 1
github.com/panda-foundation/go-compiler/parser/types.go:96.2,96.15 1 1
github.com/panda-foundation/go-compiler/parser/types.go:92.29,95.3 2 1
github.com/panda-foundation/go-compiler/parser/types.go:99.54,103.33 4 1
github.com/panda-foundation/go-compiler/parser/types.go:107.2,108.31 2 1
github.com/panda-foundation/go-compiler/parser/types.go:112.2,112.29 1 1
github.com/panda-foundation/go-compiler/parser/types.go:119.2,120.10 2 1
github.com/panda-foundation/go-compiler/parser/types.go:103.33,106.3 2 1
github.com/panda-foundation/go-compiler/parser/types.go:108.31,111.3 2 0
github.com/panda-foundation/go-compiler/parser/types.go:112.29,113.17 1 0
github.com/panda-foundation/go-compiler/parser/types.go:116.3,117.58 2 0
github.com/panda-foundation/go-compiler/parser/types.go:113.17,115.4 1 0
github.com/panda-foundation/go-compiler/parser/types.go:123.52,129.2 5 1
github.com/panda-foundation/go-compiler/parser/types.go:131.52,135.33 4 1
github.com/panda-foundation/go-compiler/parser/types.go:139.2,140.31 2 1
github.com/panda-foundation/go-compiler/parser/types.go:144.2,144.29 1 1
github.com/panda-foundation/go-compiler/parser/types.go:155.2,156.10 2 1
github.com/panda-foundation/go-compiler/parser/types.go:135.33,138.3 2 1
github.com/panda-foundation/go-compiler/parser/types.go:140.31,143.3 2 0
github.com/panda-foundation/go-compiler/parser/types.go:144.29,147.32 3 0
github.com/panda-foundation/go-compiler/parser/types.go:147.32,148.23 1 0
github.com/panda-foundation/go-compiler/parser/types.go:151.4,152.12 2 0
github.com/panda-foundation/go-compiler/parser/types.go:148.23,150.5 1 0
github.com/panda-foundation/go-compiler/parser/types.go:159.65,160.22 1 1
github.com/panda-foundation/go-compiler/parser/types.go:163.2,164.27 2 1
github.com/panda-foundation/go-compiler/parser/types.go:168.2,168.22 1 1
github.com/panda-foundation/go-compiler/parser/types.go:160.22,162.3 1 1
github.com/panda-foundation/go-compiler/parser/types.go:164.27,167.3 2 1
github.com/panda-foundation/go-compiler/parser/declaration.go:11.123,20.29 8 1
github.com/panda-foundation/go-compiler/parser/declaration.go:24.2,25.10 2 1
github.com/panda-foundation/go-compiler/parser/declaration.go:20.29,23.3 2 1
github.com/panda-foundation/go-compiler/parser/declaration.go:28.149,35.33 7 1
github.com/panda-foundation/go-compiler/parser/declaration.go:42.2,43.11 2 1
github.com/panda-foundation/go-compiler/parser/declaration.go:49.2,49.27 1 1
github.com/panda-foundation/go-compiler/parser/declaration.go:52.2,53.57 2 1
github.com/panda-foundation/go-compiler/parser/declaration.go:56.2,56.32 1 1
github.com/panda-foundation/go-compiler/parser/declaration.go:61.2,61.10 1 1
github.com/panda-foundation/go-compiler/parser/declaration.go:35.33,36.19 1 1
github.com/panda-foundation/go-compiler/parser/declaration.go:39.3,40.11 2 1
github.com/panda-foundation/go-compiler/parser/declaration.go:36.19,38.4 1 1
github.com/panda-foundation/go-compiler/parser/declaration.go:43.11,44.37 1 1
github.com/panda-foundation/go-compiler/parser/declaration.go:47.3,47.34 1 1
github.com/panda-foundation/go-compiler/parser/declaration.go:44.37,46.4 1 1
github.com/panda-foundation/go-compiler/parser/declaration.go:49.27,51.3 1 1
github.com/panda-foundation/go-compiler/parser/declaration.go:53.57,55.3 1 1
github.com/panda-foundation/go-compiler/parser/declaration.go:56.32,58.3 1 1
github.com/panda-foundation/go-compiler/parser/declaration.go:58.8,58.34 1 1
github.com/panda-foundation/go-compiler/parser/declaration.go:58.34,60.3 1 1
github.com/panda-foundation/go-compiler/parser/declaration.go:64.115,71.34 7 1
github.com/panda-foundation/go-compiler/parser/declaration.go:87.2,88.10 2 1
github.com/panda-foundation/go-compiler/parser/declaration.go:71.34,74.30 3 1
github.com/panda-foundation/go-compiler/parser/declaration.go:78.3,78.43 1 1
github.com/panda-foundation/go-compiler/parser/declaration.go:81.3,82.29 2 1
github.com/panda-foundation/go-compiler/parser/declaration.go:85.3,85.11 1 1
github.com/panda-foundation/go-compiler/parser/declaration.go:74.30,77.4 2 1
github.com/panda-foundation/go-compiler/parser/declaration.go:78.43,80.4 1 0
github.com/panda-foundation/go-compiler/parser/declaration.go:82.29,83.9 1 1
github.com/panda-foundation/go-compiler/parser/declaration.go:91.125,97.27 6 1
github.com/panda-foundation/go-compiler/parser/declaration.go:100.2,100.28 1 1
github.com/panda-foundation/go-compiler/parser/declaration.go:103.2,104.34 2 1
github.com/panda-foundation/go-compiler/parser/declaration.go:126.2,127.10 2 1
github.com/panda-foundation/go-compiler/parser/declaration.go:97.27,99.3 1 1
github.com/panda-foundation/go-compiler/parser/declaration.go:100.28,102.3 1 1
github.com/panda-foundation/go-compiler/parser/declaration.go:104.34,107.18 3 1
github.com/panda-foundation/go-compiler/parser/declaration.go:108.23,110.44 2 1
github.com/panda-foundation/go-compiler/parser/declaration.go:113.4,113.36 1 1
github.com/panda-foundation/go-compiler/parser/declaration.go:115.24,117.44 2 1
github.com/panda-foundation/go-compiler/parser/declaration.go:120.4,120.36 1 1
github.com/panda-foundation/go-compiler/parser/declaration.go:122.11,123.46 1 1
github.com/panda-foundation/go-compiler/parser/declaration.go:110.44,112.5 1 0
github.com/panda-foundation/go-compiler/parser/declaration.go:117.44,119.5 1 0
github.com/panda-foundation/go-compiler/parser/declaration.go:130.117,136.27 6 1
github.com/panda-foundation/go-compiler/parser/declaration.go:139.2,139.28 1 1
github.com/panda-foundation/go-compiler/parser/declaration.go:142.2,143.34 2 1
github.com/panda-foundation/go-compiler/parser/declaration.go:186.2,187.10 2 1
github.com/panda-foundation/go-compiler/parser/declaration.go:136.27,138.3 1 1
github.com/panda-foundation/go-compiler/parser/declaration.go:139.28,141.3 1 1
github.com/panda-foundation/go-compiler/parser/declaration.go:143.34,146.18 3 1
github.com/panda-foundation/go-compiler/parser/declaration.go:147.31,149.44 2 1
github.com/panda-foundation/go-compiler/parser/declaration.go:152.4,152.36 1 1
github.com/panda-foundation/go-compiler/parser/declaration.go:154.23,156.44 2 1
github.com/panda-foundation/go-compiler/parser/declaration.go:159.4,159.36 1 1
github.com/panda-foundation/go-compiler/parser/declaration.go:161.19,163.44 2 1
github.com/panda-foundation/go-compiler/parser/declaration.go:166.4,166.36 1 1
github.com/panda-foundation/go-compiler/parser/declaration.go:168.24,170.44 2 1
github.com/panda-foundation/go-compiler/parser/declaration.go:173.4,173.36 1 1
github.com/panda-foundation/go-compiler/parser/declaration.go:175.20,177.44 2 1
github.com/panda-foundation/go-compiler/parser/declaration.go:180.4,180.36 1 1
github.com/panda-foundation/go-compiler/parser/declaration.go:182.11,183.46 1 0
github.com/panda-foundation/go-compiler/parser/declaration.go:149.44,151.5 1 1
github.com/panda-foundation/go-compiler/parser/declaration.go:156.44,158.5 1 1
github.com/panda-foundation/go-compiler/parser/declaration.go:163.44,165.5 1 0
github.com/panda-foundation/go-compiler/parser/declaration.go:170.44,172.5 1 0
github.com/panda-foundation/go-compiler/parser/declaration.go:177.44,179.5 1 0
github.com/panda-foundation/go-compiler/parser/declaration.go:190.56,192.29 2 1
github.com/panda-foundation/go-compiler/parser/declaration.go:196.2,196.29 1 1
github.com/panda-foundation/go-compiler/parser/declaration.go:200.2,200.10 1 1
github.com/panda-foundation/go-compiler/parser/declaration.go:192.29,195.3 2 1
github.com/panda-foundation/go-compiler/parser/declaration.go:196.29,199.3 2 1
github.com/panda-foundation/go-compiler/parser/declaration.go:203.61,204.27 1 1
github.com/panda-foundation/go-compiler/parser/declaration.go:207.2,208.28 2 1
github.com/panda-foundation/go-compiler/parser/declaration.go:259.2,259.13 1 1
github.com/panda-foundation/go-compiler/parser/declaration.go:204.27,206.3 1 1
github.com/panda-foundation/go-compiler/parser/declaration.go:208.28,210.29 2 1
github.com/panda-foundation/go-compiler/parser/declaration.go:213.3,217.30 4 1
github.com/panda-foundation/go-compiler/parser/declaration.go:257.3,257.25 1 1
github.com/panda-foundation/go-compiler/parser/declaration.go:210.29,212.4 1 0
github.com/panda-foundation/go-compiler/parser/declaration.go:217.30,220.4 2 1
github.com/panda-foundation/go-compiler/parser/declaration.go:220.9,220.40 1 1
github.com/panda-foundation/go-compiler/parser/declaration.go:220.40,222.31 2 1
github.com/panda-foundation/go-compiler/parser/declaration.go:255.4,255.30 1 1
github.com/panda-foundation/go-compiler/parser/declaration.go:222.31,225.5 2 1
github.com/panda-foundation/go-compiler/parser/declaration.go:225.10,227.9 2 1
github.com/panda-foundation/go-compiler/parser/declaration.go:227.9,228.32 1 1
github.com/panda-foundation/go-compiler/parser/declaration.go:228.32,232.22 4 1
github.com/panda-foundation/go-compiler/parser/declaration.go:245.7,246.38 2 1
github.com/panda-foundation/go-compiler/parser/declaration.go:249.7,249.28 1 1
github.com/panda-foundation/go-compiler/parser/declaration.go:233.73,234.39 1 1
github.com/panda-foundation/go-compiler/parser/declaration.go:237.8,241.44 2 1
github.com/panda-foundation/go-compiler/parser/declaration.go:242.15,243.85 1 0
github.com/panda-foundation/go-compiler/parser/declaration.go:234.39,236.9 1 0
github.com/panda-foundation/go-compiler/parser/declaration.go:246.38,247.13 1 1
github.com/panda-foundation/go-compiler/parser/declaration.go:250.12,252.7 1 0
github.com/panda-foundation/go-compiler/parser/expression.go:8.58,10.2 1 1
github.com/panda-foundation/go-compiler/parser/expression.go:12.59,15.28 3 1
github.com/panda-foundation/go-compiler/parser/expression.go:21.2,21.10 1 1
github.com/panda-foundation/go-compiler/parser/expression.go:15.28,18.3 2 1
github.com/panda-foundation/go-compiler/parser/expression.go:18.8,20.3 1 0
github.com/panda-foundation/go-compiler/parser/expression.go:24.55,25.17 1 1
github.com/panda-foundation/go-compiler/parser/expression.go:26.19,27.29 1 1
github.com/panda-foundation/go-compiler/parser/expression.go:29.92,35.11 6 1
github.com/panda-foundation/go-compiler/parser/expression.go:37.18,41.11 4 1
github.com/panda-foundation/go-compiler/parser/expression.go:43.18,47.11 4 0
github.com/panda-foundation/go-compiler/parser/expression.go:49.23,55.11 6 0
github.com/panda-foundation/go-compiler/parser/expression.go:57.10,59.13 2 0
github.com/panda-foundation/go-compiler/parser/expression.go:63.65,65.6 2 1
github.com/panda-foundation/go-compiler/parser/expression.go:65.6,66.18 1 1
github.com/panda-foundation/go-compiler/parser/expression.go:67.18,73.9 6 1
github.com/panda-foundation/go-compiler/parser/expression.go:75.26,81.9 6 0
github.com/panda-foundation/go-compiler/parser/expression.go:83.24,88.9 5 1
github.com/panda-foundation/go-compiler/parser/expression.go:90.23,95.12 5 1
github.com/panda-foundation/go-compiler/parser/expression.go:97.25,102.12 5 0
github.com/panda-foundation/go-compiler/parser/expression.go:104.11,105.12 1 1
github.com/panda-foundation/go-compiler/parser/expression.go:110.63,111.17 1 1
github.com/panda-foundation/go-compiler/parser/expression.go:112.56,118.11 6 0
github.com/panda-foundation/go-compiler/parser/expression.go:120.17,126.11 6 1
github.com/panda-foundation/go-compiler/parser/expression.go:128.10,129.36 1 1
github.com/panda-foundation/go-compiler/parser/expression.go:133.78,135.6 2 1
github.com/panda-foundation/go-compiler/parser/expression.go:135.6,136.28 1 1
github.com/panda-foundation/go-compiler/parser/expression.go:139.3,141.27 3 1
github.com/panda-foundation/go-compiler/parser/expression.go:144.3,146.27 3 1
github.com/panda-foundation/go-compiler/parser/expression.go:136.28,138.4 1 1
github.com/panda-foundation/go-compiler/parser/expression.go:141.27,143.4 1 1
github.com/panda-foundation/go-compiler/parser/expression.go:146.27,154.4 3 0
github.com/panda-foundation/go-compiler/parser/expression.go:154.9,160.4 1 1
github.com/panda-foundation/go-compiler/parser/package.go:9.33,13.19 4 1
github.com/panda-foundation/go-compiler/parser/package.go:18.2,18.28 1 1
github.com/panda-foundation/go-compiler/parser/package.go:22.2,22.27 1 1
github.com/panda-foundation/go-compiler/parser/package.go:13.19,16.3 2 1
github.com/panda-foundation/go-compiler/parser/package.go:18.28,20.3 1 0
github.com/panda-foundation/go-compiler/parser/package.go:22.27,25.18 3 1
github.com/panda-foundation/go-compiler/parser/package.go:26.31,28.50 2 1
github.com/panda-foundation/go-compiler/parser/package.go:31.4,31.48 1 1
github.com/panda-foundation/go-compiler/parser/package.go:33.23,35.50 2 1
github.com/panda-foundation/go-compiler/parser/package.go:38.4,38.48 1 1
github.com/panda-foundation/go-compiler/parser/package.go:40.19,42.50 2 1
github.com/panda-foundation/go-compiler/parser/package.go:45.4,45.48 1 1
github.com/panda-foundation/go-compiler/parser/package.go:47.24,49.50 2 1
github.com/panda-foundation/go-compiler/parser/package.go:52.4,52.48 1 1
github.com/panda-foundation/go-compiler/parser/package.go:54.20,56.50 2 1
github.com/panda-foundation/go-compiler/parser/package.go:59.4,59.48 1 1
github.com/panda-foundation/go-compiler/parser/package.go:61.11,62.46 1 0
github.com/panda-foundation/go-compiler/parser/package.go:28.50,30.5 1 0
github.com/panda-foundation/go-compiler/parser/package.go:35.50,37.5 1 0
github.com/panda-foundation/go-compiler/parser/package.go:42.50,44.5 1 0
github.com/panda-foundation/go-compiler/parser/package.go:49.50,51.5 1 0
github.com/panda-foundation/go-compiler/parser/package.go:56.50,58.5 1 0
github.com/panda-foundation/go-compiler/parser/package.go:67.44,69.27 2 1
github.com/panda-foundation/go-compiler/parser/package.go:73.2,75.18 3 1
github.com/panda-foundation/go-compiler/parser/package.go:69.27,72.3 2 1
github.com/panda-foundation/go-compiler/parser/package.go:78.31,79.29 1 0
github.com/panda-foundation/go-compiler/parser/package.go:79.29,84.30 5 0
github.com/panda-foundation/go-compiler/parser/package.go:89.3,91.41 3 0
github.com/panda-foundation/go-compiler/parser/package.go:84.30,88.4 3 0
github.com/panda-foundation/go-compiler/parser/package.go:95.63,96.25 1 1
github.com/panda-foundation/go-compiler/parser/package.go:99.2,100.25 2 1
github.com/panda-foundation/go-compiler/parser/package.go:108.2,108.16 1 1
github.com/panda-foundation/go-compiler/parser/package.go:96.25,98.3 1 1
github.com/panda-foundation/go-compiler/parser/package.go:100.25,102.43 2 1
github.com/panda-foundation/go-compiler/parser/package.go:105.3,106.28 2 1
github.com/panda-foundation/go-compiler/parser/package.go:102.43,104.4 1 1
