mode: set
github.com/panda-foundation/go-compiler/token/position.go:14.35,16.16 2 0
github.com/panda-foundation/go-compiler/token/position.go:19.2,20.52 2 0
github.com/panda-foundation/go-compiler/token/position.go:16.16,18.3 1 0
github.com/panda-foundation/go-compiler/token/position.go:32.36,34.2 1 0
github.com/panda-foundation/go-compiler/token/position.go:37.47,42.2 1 0
github.com/panda-foundation/go-compiler/token/position.go:44.56,46.12 2 0
github.com/panda-foundation/go-compiler/token/position.go:54.2,55.12 2 0
github.com/panda-foundation/go-compiler/token/position.go:58.2,58.8 1 0
github.com/panda-foundation/go-compiler/token/position.go:46.12,48.27 2 0
github.com/panda-foundation/go-compiler/token/position.go:48.27,50.4 1 0
github.com/panda-foundation/go-compiler/token/position.go:50.9,52.4 1 0
github.com/panda-foundation/go-compiler/token/position.go:55.12,57.3 1 0
github.com/panda-foundation/go-compiler/token/position.go:70.60,71.28 1 0
github.com/panda-foundation/go-compiler/token/position.go:76.2,84.10 4 0
github.com/panda-foundation/go-compiler/token/position.go:71.28,72.25 1 0
github.com/panda-foundation/go-compiler/token/position.go:72.25,74.4 1 0
github.com/panda-foundation/go-compiler/token/position.go:88.44,89.28 1 0
github.com/panda-foundation/go-compiler/token/position.go:94.2,94.12 1 0
github.com/panda-foundation/go-compiler/token/position.go:89.28,90.32 1 0
github.com/panda-foundation/go-compiler/token/position.go:90.32,92.4 1 0
github.com/panda-foundation/go-compiler/token/position.go:98.52,99.37 1 0
github.com/panda-foundation/go-compiler/token/position.go:102.2,102.12 1 0
github.com/panda-foundation/go-compiler/token/position.go:99.37,101.3 1 0
github.com/panda-foundation/go-compiler/token/token.go:276.13,279.49 2 1
github.com/panda-foundation/go-compiler/token/token.go:283.2,283.47 1 1
github.com/panda-foundation/go-compiler/token/token.go:287.2,287.51 1 1
github.com/panda-foundation/go-compiler/token/token.go:291.2,296.51 2 1
github.com/panda-foundation/go-compiler/token/token.go:279.49,281.3 1 1
github.com/panda-foundation/go-compiler/token/token.go:283.47,285.3 1 1
github.com/panda-foundation/go-compiler/token/token.go:287.51,289.3 1 1
github.com/panda-foundation/go-compiler/token/token.go:296.51,298.3 1 1
github.com/panda-foundation/go-compiler/token/token.go:302.38,303.38 1 1
github.com/panda-foundation/go-compiler/token/token.go:306.2,306.14 1 1
github.com/panda-foundation/go-compiler/token/token.go:303.38,305.3 1 1
github.com/panda-foundation/go-compiler/token/token.go:309.32,310.44 1 1
github.com/panda-foundation/go-compiler/token/token.go:313.2,313.11 1 1
github.com/panda-foundation/go-compiler/token/token.go:310.44,312.3 1 1
github.com/panda-foundation/go-compiler/token/token.go:317.33,319.2 1 1
github.com/panda-foundation/go-compiler/token/token.go:322.34,324.2 1 1
github.com/panda-foundation/go-compiler/token/token.go:327.33,329.2 1 1
github.com/panda-foundation/go-compiler/token/token.go:332.32,334.2 1 1
github.com/panda-foundation/go-compiler/token/token.go:337.33,338.18 1 1
github.com/panda-foundation/go-compiler/token/token.go:341.2,341.37 1 1
github.com/panda-foundation/go-compiler/token/token.go:338.18,340.3 1 1
github.com/panda-foundation/go-compiler/token/token.go:345.33,346.11 1 1
github.com/panda-foundation/go-compiler/token/token.go:358.2,358.10 1 1
github.com/panda-foundation/go-compiler/token/token.go:347.12,348.11 1 1
github.com/panda-foundation/go-compiler/token/token.go:349.14,350.11 1 1
github.com/panda-foundation/go-compiler/token/token.go:351.73,352.11 1 1
github.com/panda-foundation/go-compiler/token/token.go:353.30,354.11 1 1
github.com/panda-foundation/go-compiler/token/token.go:355.50,356.11 1 1
github.com/panda-foundation/go-compiler/token/operator.go:6.46,8.2 1 1
github.com/panda-foundation/go-compiler/token/operator.go:15.48,17.2 1 1
github.com/panda-foundation/go-compiler/token/operator.go:19.56,21.2 1 1
github.com/panda-foundation/go-compiler/token/operator.go:23.76,24.48 1 1
github.com/panda-foundation/go-compiler/token/operator.go:33.2,33.19 1 1
github.com/panda-foundation/go-compiler/token/operator.go:24.48,26.26 2 1
github.com/panda-foundation/go-compiler/token/operator.go:29.3,29.29 1 1
github.com/panda-foundation/go-compiler/token/operator.go:26.26,28.4 1 1
github.com/panda-foundation/go-compiler/token/operator.go:30.8,30.23 1 1
github.com/panda-foundation/go-compiler/token/operator.go:30.23,32.3 1 1
github.com/panda-foundation/go-compiler/token/operator.go:36.70,37.30 1 1
github.com/panda-foundation/go-compiler/token/operator.go:37.30,39.37 2 1
github.com/panda-foundation/go-compiler/token/operator.go:45.3,46.54 2 1
github.com/panda-foundation/go-compiler/token/operator.go:39.37,44.4 1 1
github.com/panda-foundation/go-compiler/token/operator.go:47.8,49.3 1 1
